(---------------------------------------------------------------------)
(                                                                     )
(    ARTWORK LOG                                                      )
(                                                                     )
(    Drawing          : DRAM_BOARD.brd                                )
(    Software Version : 17.2S058                                      )
(    Date/Time        : Thu Dec 30 22:30:05 2021                      )
(                                                                     )
(---------------------------------------------------------------------)


 ---- Photoplot outline rectangle not found; using drawing extents.



Results from parameter file ...
    DEVICE-TYPE           GERBER_RS274X
    OUTPUT-UNITS          INCHES
    FILM-SIZE             2400000 1600000
    FORMAT                2.5
    ABORT-ON-ERROR        NO
    SCALE                 1
    SUPPRESS-LEAD-ZEROES  YES
    SUPPRESS-TRAIL-ZEROES NO
    SUPPRESS-EQUAL        YES
    UNDEF-APT-CONT        NO



================================================================
     PROCESSING FILM < TOP >
     TO FILE < F:/PCB_PROJECT/386_Dram_board/PCB/TOP.art > ...
================================================================

  FILM PARAMETERS :
  ---------------------------------------------------------
  Undefined line width                1.00 MIL
  Mirror code                         NONE
  Rotate angle                        NONE
  Offset x:                           0.00
  Offset y:                           0.00
  Plot negative                       NO
  Suppress unconnected internal pads  NO
  Draw holes only                     NO

    WARNING: 0 width line found at (600.00 500.00) in MIL
           ... using undefined line width of 1.00 MIL



  APERTURES USED (UNIT = IN):
  ---------------------------------------------------------
  TYPE       SIZE/NAME                   ROT   MIRROR MODE 
  ---------------------------------------------------------
  CIRCLE     0.00100                                  DARK 
  CIRCLE     0.00700                                  DARK 
  CIRCLE     0.01500                                  DARK 
  CIRCLE     0.01772                                  DARK 
  CIRCLE     0.02362                                  DARK 
  CIRCLE     0.02500                                  DARK 
  CIRCLE     0.03937                                  DARK 
  CIRCLE     0.05118                                  DARK 
  CIRCLE     0.20866                                  DARK 
  RECTANGLE  0.03800     x 0.03000       0.000 NO     DARK 
  RECTANGLE  0.11811     x 0.03937       0.000 NO     DARK 
  RECTANGLE  0.11811     x 0.03937      90.000 NO     DARK 
  OBLONG     0.11811     x 0.03150       0.000 NO     DARK 

     TOP created with warnings


================================================================
     PROCESSING FILM < GND >
     TO FILE < F:/PCB_PROJECT/386_Dram_board/PCB/GND.art > ...
================================================================

  FILM PARAMETERS :
  ---------------------------------------------------------
  Undefined line width                1.00 MIL
  Mirror code                         NONE
  Rotate angle                        NONE
  Offset x:                           0.00
  Offset y:                           0.00
  Plot negative                       NO
  Suppress unconnected internal pads  NO
  Draw holes only                     NO

    WARNING: Multiple 0 width lines; all will be treated the same as the first.
           ... using undefined line width of 1.00 MIL



  APERTURES USED (UNIT = IN):
  ---------------------------------------------------------
  TYPE       SIZE/NAME                   ROT   MIRROR MODE 
  ---------------------------------------------------------
  CIRCLE     0.00100                                  DARK 
  CIRCLE     0.01500                                  DARK 
  CIRCLE     0.01772                                  DARK 
  CIRCLE     0.02362                                  DARK 
  CIRCLE     0.20866                                  DARK 

     GND created with warnings


================================================================
     PROCESSING FILM < POWER >
     TO FILE < F:/PCB_PROJECT/386_Dram_board/PCB/POWER.art > ...
================================================================

  FILM PARAMETERS :
  ---------------------------------------------------------
  Undefined line width                1.00 MIL
  Mirror code                         NONE
  Rotate angle                        NONE
  Offset x:                           0.00
  Offset y:                           0.00
  Plot negative                       NO
  Suppress unconnected internal pads  NO
  Draw holes only                     NO



  APERTURES USED (UNIT = IN):
  ---------------------------------------------------------
  TYPE       SIZE/NAME                   ROT   MIRROR MODE 
  ---------------------------------------------------------
  CIRCLE     0.00100                                  DARK 
  CIRCLE     0.01772                                  DARK 
  CIRCLE     0.02362                                  DARK 
  CIRCLE     0.20866                                  DARK 

     POWER created.


================================================================
     PROCESSING FILM < BOTTOM >
     TO FILE < F:/PCB_PROJECT/386_Dram_board/PCB/BOTTOM.art > ...
================================================================

  FILM PARAMETERS :
  ---------------------------------------------------------
  Undefined line width                1.00 MIL
  Mirror code                         NONE
  Rotate angle                        NONE
  Offset x:                           0.00
  Offset y:                           0.00
  Plot negative                       NO
  Suppress unconnected internal pads  NO
  Draw holes only                     NO



  APERTURES USED (UNIT = IN):
  ---------------------------------------------------------
  TYPE       SIZE/NAME                   ROT   MIRROR MODE 
  ---------------------------------------------------------
  CIRCLE     0.00100                                  DARK 
  CIRCLE     0.00700                                  DARK 
  CIRCLE     0.01500                                  DARK 
  CIRCLE     0.01772                                  DARK 
  CIRCLE     0.02362                                  DARK 
  CIRCLE     0.03937                                  DARK 
  CIRCLE     0.05118                                  DARK 
  CIRCLE     0.20866                                  DARK 
  PAD SHAPE  ROUNDED_RECTANGLE ,656.00  90.000 YES    DARK 

     BOTTOM created.


================================================================
     PROCESSING FILM < SST >
     TO FILE < F:/PCB_PROJECT/386_Dram_board/PCB/SST.art > ...
================================================================

  FILM PARAMETERS :
  ---------------------------------------------------------
  Undefined line width                6.00 MIL
  Mirror code                         NONE
  Rotate angle                        NONE
  Offset x:                           0.00
  Offset y:                           0.00
  Plot negative                       NO
  Suppress unconnected internal pads  NO
  Draw holes only                     NO

    WARNING: text composed 0 width line found at (600.00 -2962.50) in MIL
           ... using undefined line width of 6.00 MIL

    WARNING: text having Multiple 0 width lines; all will be treated the same as the first.
           ... using undefined line width of 6.00 MIL



  APERTURES USED (UNIT = IN):
  ---------------------------------------------------------
  TYPE       SIZE/NAME                   ROT   MIRROR MODE 
  ---------------------------------------------------------
  CIRCLE     0.00600                                  DARK 

     SST created with warnings


================================================================
     PROCESSING FILM < SSB >
     TO FILE < F:/PCB_PROJECT/386_Dram_board/PCB/SSB.art > ...
================================================================

  FILM PARAMETERS :
  ---------------------------------------------------------
  Undefined line width                6.00 MIL
  Mirror code                         NONE
  Rotate angle                        NONE
  Offset x:                           0.00
  Offset y:                           0.00
  Plot negative                       NO
  Suppress unconnected internal pads  NO
  Draw holes only                     NO



  APERTURES USED (UNIT = IN):
  ---------------------------------------------------------
  TYPE       SIZE/NAME                   ROT   MIRROR MODE 
  ---------------------------------------------------------
  CIRCLE     0.00600                                  DARK 

     SSB created.


================================================================
     PROCESSING FILM < SMT >
     TO FILE < F:/PCB_PROJECT/386_Dram_board/PCB/SMT.art > ...
================================================================

  FILM PARAMETERS :
  ---------------------------------------------------------
  Undefined line width                1.00 MIL
  Mirror code                         NONE
  Rotate angle                        NONE
  Offset x:                           0.00
  Offset y:                           0.00
  Plot negative                       NO
  Suppress unconnected internal pads  NO
  Draw holes only                     NO



  APERTURES USED (UNIT = IN):
  ---------------------------------------------------------
  TYPE       SIZE/NAME                   ROT   MIRROR MODE 
  ---------------------------------------------------------
  CIRCLE     0.00100                                  DARK 
  CIRCLE     0.21260                                  DARK 
  RECTANGLE  0.04000     x 0.03500       0.000 NO     DARK 
  RECTANGLE  0.12205     x 0.04331       0.000 NO     DARK 
  RECTANGLE  0.12205     x 0.04331      90.000 NO     DARK 
  OBLONG     0.12205     x 0.03543       0.000 NO     DARK 

     SMT created.


================================================================
     PROCESSING FILM < SMB >
     TO FILE < F:/PCB_PROJECT/386_Dram_board/PCB/SMB.art > ...
================================================================

  FILM PARAMETERS :
  ---------------------------------------------------------
  Undefined line width                1.00 MIL
  Mirror code                         NONE
  Rotate angle                        NONE
  Offset x:                           0.00
  Offset y:                           0.00
  Plot negative                       NO
  Suppress unconnected internal pads  NO
  Draw holes only                     NO



  APERTURES USED (UNIT = IN):
  ---------------------------------------------------------
  TYPE       SIZE/NAME                   ROT   MIRROR MODE 
  ---------------------------------------------------------
  CIRCLE     0.00100                                  DARK 
  CIRCLE     0.21260                                  DARK 
  PAD SHAPE  ROUNDED_RECTANGLE ,656.00  90.000 YES    DARK 

     SMB created.


================================================================
     PROCESSING FILM < DILL >
     TO FILE < F:/PCB_PROJECT/386_Dram_board/PCB/DILL.art > ...
================================================================

  FILM PARAMETERS :
  ---------------------------------------------------------
  Undefined line width                1.00 MIL
  Mirror code                         NONE
  Rotate angle                        NONE
  Offset x:                           0.00
  Offset y:                           0.00
  Plot negative                       NO
  Suppress unconnected internal pads  NO
  Draw holes only                     NO



  APERTURES USED (UNIT = IN):
  ---------------------------------------------------------
  TYPE       SIZE/NAME                   ROT   MIRROR MODE 
  ---------------------------------------------------------
  CIRCLE     0.00100                                  DARK 

     DILL created.


------------------------------------------------------
 SUMMARY:
        TOP created with warnings
        GND created with warnings
        POWER created.
        BOTTOM created.
        SST created with warnings
        SSB created.
        SMT created.
        SMB created.
        DILL created.

 ARTWORK had warnings
